#
# A fatal error has been detected by the Java Runtime Environment:
#
#  SIGSEGV (0xb) at pc=0x000000011fa3d511, pid=773, tid=2571
#
# JRE version: Java(TM) SE Runtime Environment (8.0_45-b14) (build 1.8.0_45-b14)
# Java VM: Java HotSpot(TM) 64-Bit Server VM (25.45-b02 mixed mode bsd-amd64 compressed oops)
# Problematic frame:
# C  [libglass.dylib+0x15511]  GlassScreenDidChangeScreenParameters+0x21
#
# Failed to write core dump. Core dumps have been disabled. To enable core dumping, try "ulimit -c unlimited" before starting Java again
#
# If you would like to submit a bug report, please visit:
#   http://bugreport.java.com/bugreport/crash.jsp
#

---------------  T H R E A D  ---------------

Current thread is native thread

siginfo: si_signo: 11 (SIGSEGV), si_code: 1 (SEGV_MAPERR), si_addr: 0x0000000000000000

Registers:
RAX=0x000000011fa6fac8, RBX=0x0000000000000000, RCX=0x0000000000000103, RDX=0x0000010000000100
RSP=0x00007fff577ed8c0, RBP=0x00007fff577ed8d0, RSI=0x00007fe588d1f200, RDI=0x0000000000000000
R8 =0x0000000000000040, R9 =0x00007fff754bc1e0, R10=0xffffffffffffffff, R11=0x0000000000000246
R12=0x00007fe588e21880, R13=0x00007fe588d7df60, R14=0x00007fe588d7e020, R15=0x0000000000000000
RIP=0x000000011fa3d511, EFLAGS=0x0000000000010246, ERR=0x0000000000000004
  TRAPNO=0x000000000000000e

Top of Stack: (sp=0x00007fff577ed8c0)
0x00007fff577ed8c0:   00007fff577ed918 00007fe588d7e020
0x00007fff577ed8d0:   00007fff577ed8e0 00007fff8be7eb1c
0x00007fff577ed8e0:   00007fff577ed900 00007fff8be7eaaf
0x00007fff577ed8f0:   0000000000000000 0000000000000000
0x00007fff577ed900:   00007fff577ed970 00007fff8be7ea27
0x00007fff577ed910:   00007fff8c23f6b8 00007fff7692f0a0
0x00007fff577ed920:   0000000042000000 00007fff8be7ea70
0x00007fff577ed930:   00007fff7594d720 00007fe588d7df60
0x00007fff577ed940:   00007fe588e21880 00007fff577ee118
0x00007fff577ed950:   00007fff75a7a780 00007fff577ee118
0x00007fff577ed960:   00007fe588d7df60 00007fff8c23e9da
0x00007fff577ed970:   00007fff577ed9b0 00007fff8be7e792
0x00007fff577ed980:   00007fff577edf90 0000000000000000
0x00007fff577ed990:   00007fff75a7a780 00007fff577ee118
0x00007fff577ed9a0:   00007fff9208f4c0 00007fff8c23e9da
0x00007fff577ed9b0:   00007fff577ee0c0 00007fff8be3b542
0x00007fff577ed9c0:   00007fe588d8f800 0000000000000002
0x00007fff577ed9d0:   0000000000000000 00007fe588d25480
0x00007fff577ed9e0:   00007fe589009048 00007fe588e37b00
0x00007fff577ed9f0:   0000000000000000 00007fe588d7e080
0x00007fff577eda00:   0000000000000000 0000000000000000
0x00007fff577eda10:   00007fff7598abc0 00007fff577edf90
0x00007fff577eda20:   0000000000000001 0000000000000100
0x00007fff577eda30:   0000000000000d00 00007fff577ede90
0x00007fff577eda40:   0000000000000000 0000000000000100
0x00007fff577eda50:   4092d80000000000 00007fff75a7a780
0x00007fff577eda60:   0000000000000000 00007fff7594e500
0x00007fff577eda70:   00007fff75a7a780 0000000000000000
0x00007fff577eda80:   00007fff7594e500 00007fe588f29d50
0x00007fff577eda90:   00007fe588d8f800 00007fff94dd61ab
0x00007fff577edaa0:   000000000015bd01 00007fff770c3300
0x00007fff577edab0:   000000000015bd00 00000000770c3300 

Instructions: (pc=0x000000011fa3d511)
0x000000011fa3d4f1:   48 89 e5 41 56 53 48 8d 05 c2 26 03 00 48 83 38
0x000000011fa3d501:   00 48 89 fb 75 72 48 8d 05 ba 25 03 00 48 8b 30
0x000000011fa3d511:   48 8b 03 48 8d 15 6c 9a 01 00 48 8d 0d 86 6f 01
0x000000011fa3d521:   00 48 89 df ff 90 88 03 00 00 48 8d 0d 8e 26 03 

Register to memory mapping:

RAX=0x000000011fa6fac8: jScreenClass+0 in /Library/Java/JavaVirtualMachines/jdk1.8.0_45.jdk/Contents/Home/jre/lib/libglass.dylib at 0x000000011fa28000
RBX=0x0000000000000000 is an unknown value
RCX=0x0000000000000103 is an unknown value
RDX=0x0000010000000100 is an unknown value
RSP=0x00007fff577ed8c0 is an unknown value
RBP=0x00007fff577ed8d0 is an unknown value
RSI=0x00007fe588d1f200 is a global jni handle
RDI=0x0000000000000000 is an unknown value
R8 =0x0000000000000040 is an unknown value
R9 =0x00007fff754bc1e0: __sFX+0x1c0 in /usr/lib/system/libsystem_c.dylib at 0x00007fff8a5b8000
R10=0xffffffffffffffff is an unknown value
R11=0x0000000000000246 is an unknown value
R12=0x00007fe588e21880 is an unknown value
R13=0x00007fe588d7df60 is an unknown value
R14=0x00007fe588d7e020 is an unknown value
R15=0x0000000000000000 is an unknown value


Stack: [0x00007fff56ff1000,0x00007fff577f1000],  sp=0x00007fff577ed8c0,  free space=8178k
Native frames: (J=compiled Java code, j=interpreted, Vv=VM code, C=native code)
C  [libglass.dylib+0x15511]  GlassScreenDidChangeScreenParameters+0x21
C  [CoreFoundation+0xa0b1c]  __CFNOTIFICATIONCENTER_IS_CALLING_OUT_TO_AN_OBSERVER__+0xc
C  [CoreFoundation+0xa0aaf]  ___CFXRegistrationPost_block_invoke+0x3f
C  [CoreFoundation+0xa0a27]  _CFXRegistrationPost+0x197
C  [CoreFoundation+0xa0792]  ___CFXNotificationPost_block_invoke+0x32
C  [CoreFoundation+0x5d542]  -[_CFXNotificationRegistrar find:object:observer:enumerator:]+0x782
C  [CoreFoundation+0x5c795]  _CFXNotificationPost+0x2b5
C  [Foundation+0x717a]  -[NSNotificationCenter postNotificationName:object:userInfo:]+0x42
C  [AppKit+0x41c08b]  -[NSApplication _reactToScreenInvalidationImmediately:]+0x17f
C  [AppKit+0x41bedc]  __44-[NSApplication _reactToScreenInvalidation:]_block_invoke+0x3b
C  [CoreFoundation+0xaa40c]  __CFRUNLOOP_IS_CALLING_OUT_TO_A_BLOCK__+0xc
C  [CoreFoundation+0x89c65]  __CFRunLoopDoBlocks+0x155
C  [CoreFoundation+0x899cb]  __CFRunLoopRun+0x92b
C  [CoreFoundation+0x88e38]  CFRunLoopRunSpecific+0x128
C  [java+0x6490]  CreateExecutionEnvironment+0x367
C  [java+0x221c]  JLI_Launch+0x7a0
C  [java+0x84ed]  main+0x65
C  [java+0x1a74]  start+0x34


---------------  P R O C E S S  ---------------

VM state:at safepoint (normal execution)

VM Mutex/Monitor currently owned by a thread:  ([mutex/lock_event])
[0x00007fe588d156c0] Threads_lock - owner thread: 0x00007fe58902c000

Heap:
 PSYoungGen      total 18944K, used 10498K [0x00000007aab00000, 0x00000007ac000000, 0x00000007c0000000)
  eden space 16384K, 64% used [0x00000007aab00000,0x00000007ab540a40,0x00000007abb00000)
  from space 2560K, 0% used [0x00000007abd80000,0x00000007abd80000,0x00000007ac000000)
  to   space 2560K, 0% used [0x00000007abb00000,0x00000007abb00000,0x00000007abd80000)
 ParOldGen       total 44032K, used 0K [0x0000000780000000, 0x0000000782b00000, 0x00000007aab00000)
  object space 44032K, 0% used [0x0000000780000000,0x0000000780000000,0x0000000782b00000)
 Metaspace       used 6978K, capacity 7320K, committed 7424K, reserved 1056768K
  class space    used 861K, capacity 965K, committed 1024K, reserved 1048576K

Card table byte_map: [0x00000001193c0000,0x00000001195c1000] byte_map_base: 0x00000001157c0000

Marking Bits: (ParMarkBitMap*) 0x0000000108f4d7a0
 Begin Bits: [0x00000001195c1000, 0x000000011a5c1000)
 End Bits:   [0x000000011a5c1000, 0x000000011b5c1000)

Polling page: 0x000000010963b000

CodeCache: size=245760Kb used=2091Kb max_used=2091Kb free=243668Kb
 bounds [0x000000010a000000, 0x000000010a270000, 0x0000000119000000]
 total_blobs=879 nmethods=488 adapters=305
 compilation: enabled

Compilation events (10 events):
Event: 0.812 Thread 0x00007fe58980e800  484       1       java.lang.System::getSecurityManager (4 bytes)
Event: 0.813 Thread 0x00007fe58980e800 nmethod 484 0x000000010a206690 code [0x000000010a2067e0, 0x000000010a2068d0]
Event: 0.832 Thread 0x00007fe58980d800  485  s    4       java.io.BufferedInputStream::read (49 bytes)
Event: 0.833 Thread 0x00007fe58980e800  486       3       java.io.DataInputStream::readInt (72 bytes)
Event: 0.834 Thread 0x00007fe58980e800 nmethod 486 0x000000010a206910 code [0x000000010a206ac0, 0x000000010a207028]
Event: 0.835 Thread 0x00007fe58980d800 nmethod 485 0x000000010a20a250 code [0x000000010a20a3a0, 0x000000010a20a7c8]
Event: 0.846 Thread 0x00007fe58980e800  488       3       java.util.StringTokenizer::scanToken (179 bytes)
Event: 0.851 Thread 0x00007fe58980e800 nmethod 488 0x000000010a208590 code [0x000000010a208820, 0x000000010a209ad8]
Event: 0.851 Thread 0x00007fe58980e800  487       3       java.util.StringTokenizer::skipDelimiters (116 bytes)
Event: 0.853 Thread 0x00007fe58980e800 nmethod 487 0x000000010a207350 code [0x000000010a207560, 0x000000010a2080f8]

GC Heap History (0 events):
No events

Deoptimization events (2 events):
Event: 0.324 Thread 0x00007fe58900f800 Uncommon trap: reason=null_check action=make_not_entrant pc=0x000000010a12c3cc method=java.lang.String.equals(Ljava/lang/Object;)Z @ 8
Event: 0.766 Thread 0x00007fe58a95e800 Uncommon trap: reason=unstable_if action=reinterpret pc=0x000000010a1b8774 method=java.lang.String.replace(CC)Ljava/lang/String; @ 2

Internal exceptions (10 events):
Event: 0.062 Thread 0x00007fe58900f800 Exception <a 'java/lang/NoSuchMethodError': Method sun.misc.Unsafe.prefetchRead(Ljava/lang/Object;J)V name or signature does not match> (0x00000007aab13040) thrown at [/Users/java_re/workspace/8-2-build-macosx-x86_64/jdk8u45/3457/hotspot/src/share/vm/prim
Event: 0.248 Thread 0x00007fe58900f800 Exception <a 'java/lang/NoSuchFieldError': method resolution failed> (0x00000007aad6bd60) thrown at [/Users/java_re/workspace/8-2-build-macosx-x86_64/jdk8u45/3457/hotspot/src/share/vm/prims/methodHandles.cpp, line 1125]
Event: 0.251 Thread 0x00007fe58900f800 Exception <a 'java/lang/NoSuchFieldError': method resolution failed> (0x00000007aad7a430) thrown at [/Users/java_re/workspace/8-2-build-macosx-x86_64/jdk8u45/3457/hotspot/src/share/vm/prims/methodHandles.cpp, line 1125]
Event: 0.288 Thread 0x00007fe58900f800 Exception <a 'java/security/PrivilegedActionException'> (0x00000007aae06b88) thrown at [/Users/java_re/workspace/8-2-build-macosx-x86_64/jdk8u45/3457/hotspot/src/share/vm/prims/jvm.cpp, line 1382]
Event: 0.288 Thread 0x00007fe58900f800 Exception <a 'java/security/PrivilegedActionException'> (0x00000007aae06d40) thrown at [/Users/java_re/workspace/8-2-build-macosx-x86_64/jdk8u45/3457/hotspot/src/share/vm/prims/jvm.cpp, line 1382]
Event: 0.288 Thread 0x00007fe58900f800 Exception <a 'java/security/PrivilegedActionException'> (0x00000007aae09f30) thrown at [/Users/java_re/workspace/8-2-build-macosx-x86_64/jdk8u45/3457/hotspot/src/share/vm/prims/jvm.cpp, line 1382]
Event: 0.289 Thread 0x00007fe58900f800 Exception <a 'java/security/PrivilegedActionException'> (0x00000007aae0a0e8) thrown at [/Users/java_re/workspace/8-2-build-macosx-x86_64/jdk8u45/3457/hotspot/src/share/vm/prims/jvm.cpp, line 1382]
Event: 0.289 Thread 0x00007fe58900f800 Exception <a 'java/lang/NullPointerException'> (0x00000007aae0a880) thrown at [/Users/java_re/workspace/8-2-build-macosx-x86_64/jdk8u45/3457/hotspot/src/share/vm/interpreter/linkResolver.cpp, line 1178]
Event: 0.324 Thread 0x00007fe58900f800 Implicit null exception at 0x000000010a12c1d5 to 0x000000010a12c3bd
Event: 0.779 Thread 0x00007fe58900f800 Exception <a 'java/lang/reflect/InvocationTargetException'> (0x00000007ab2dd140) thrown at [/Users/java_re/workspace/8-2-build-macosx-x86_64/jdk8u45/3457/hotspot/src/share/vm/runtime/reflection.cpp, line 1080]

Events (10 events):
Event: 0.858 loading class java/util/Formatter$Flags done
Event: 0.858 loading class java/util/Formatter$Conversion
Event: 0.858 loading class java/util/Formatter$Conversion done
Event: 0.858 loading class java/util/Formattable
Event: 0.858 loading class java/util/Formattable done
Event: 0.859 loading class java/util/IdentityHashMap$KeyIterator
Event: 0.859 loading class java/util/IdentityHashMap$IdentityHashMapIterator
Event: 0.859 loading class java/util/IdentityHashMap$IdentityHashMapIterator done
Event: 0.859 loading class java/util/IdentityHashMap$KeyIterator done
Event: 0.860 Executing VM operation: Exit


Dynamic libraries:
0x000000000494f000 	/System/Library/Frameworks/Cocoa.framework/Versions/A/Cocoa
0x000000000494f000 	/System/Library/Frameworks/Security.framework/Versions/A/Security
0x000000000494f000 	/System/Library/Frameworks/ApplicationServices.framework/Versions/A/ApplicationServices
0x000000000494f000 	/usr/lib/libz.1.dylib
0x000000000494f000 	/usr/lib/libSystem.B.dylib
0x000000000494f000 	/usr/lib/libobjc.A.dylib
0x000000000494f000 	/System/Library/Frameworks/CoreFoundation.framework/Versions/A/CoreFoundation
0x000000000494f000 	/System/Library/Frameworks/Foundation.framework/Versions/C/Foundation
0x000000000494f000 	/System/Library/Frameworks/AppKit.framework/Versions/C/AppKit
0x000000000494f000 	/System/Library/Frameworks/CoreData.framework/Versions/A/CoreData
0x000000000494f000 	/System/Library/PrivateFrameworks/RemoteViewServices.framework/Versions/A/RemoteViewServices
0x000000000494f000 	/System/Library/PrivateFrameworks/UIFoundation.framework/Versions/A/UIFoundation
0x000000000494f000 	/usr/lib/libScreenReader.dylib
0x000000000494f000 	/System/Library/Frameworks/Accelerate.framework/Versions/A/Accelerate
0x000000000494f000 	/System/Library/Frameworks/IOSurface.framework/Versions/A/IOSurface
0x000000000494f000 	/System/Library/Frameworks/AudioToolbox.framework/Versions/A/AudioToolbox
0x000000000494f000 	/System/Library/Frameworks/AudioUnit.framework/Versions/A/AudioUnit
0x000000000494f000 	/System/Library/PrivateFrameworks/DataDetectorsCore.framework/Versions/A/DataDetectorsCore
0x000000000494f000 	/System/Library/PrivateFrameworks/DesktopServicesPriv.framework/Versions/A/DesktopServicesPriv
0x000000000494f000 	/System/Library/Frameworks/Carbon.framework/Versions/A/Frameworks/HIToolbox.framework/Versions/A/HIToolbox
0x000000000494f000 	/System/Library/Frameworks/QuartzCore.framework/Versions/A/QuartzCore
0x000000000494f000 	/System/Library/Frameworks/Carbon.framework/Versions/A/Frameworks/SpeechRecognition.framework/Versions/A/SpeechRecognition
0x000000000494f000 	/usr/lib/libauto.dylib
0x000000000494f000 	/usr/lib/libicucore.A.dylib
0x000000000494f000 	/usr/lib/libxml2.2.dylib
0x000000000494f000 	/System/Library/PrivateFrameworks/CoreUI.framework/Versions/A/CoreUI
0x000000000494f000 	/System/Library/Frameworks/CoreAudio.framework/Versions/A/CoreAudio
0x000000000494f000 	/System/Library/Frameworks/DiskArbitration.framework/Versions/A/DiskArbitration
0x000000000494f000 	/usr/lib/liblangid.dylib
0x000000000494f000 	/System/Library/PrivateFrameworks/MultitouchSupport.framework/Versions/A/MultitouchSupport
0x000000000494f000 	/System/Library/Frameworks/IOKit.framework/Versions/A/IOKit
0x000000000494f000 	/usr/lib/libDiagnosticMessagesClient.dylib
0x000000000494f000 	/System/Library/Frameworks/CoreServices.framework/Versions/A/CoreServices
0x000000000494f000 	/System/Library/PrivateFrameworks/PerformanceAnalysis.framework/Versions/A/PerformanceAnalysis
0x000000000494f000 	/System/Library/PrivateFrameworks/GenerationalStorage.framework/Versions/A/GenerationalStorage
0x000000000494f000 	/System/Library/Frameworks/OpenGL.framework/Versions/A/OpenGL
0x000000000494f000 	/System/Library/PrivateFrameworks/Sharing.framework/Versions/A/Sharing
0x000000000494f000 	/System/Library/Frameworks/CoreGraphics.framework/Versions/A/CoreGraphics
0x000000000494f000 	/System/Library/Frameworks/CoreImage.framework/Versions/A/CoreImage
0x000000000494f000 	/System/Library/Frameworks/CoreText.framework/Versions/A/CoreText
0x000000000494f000 	/System/Library/Frameworks/ImageIO.framework/Versions/A/ImageIO
0x000000000494f000 	/System/Library/PrivateFrameworks/Backup.framework/Versions/A/Backup
0x000000000494f000 	/usr/lib/libextension.dylib
0x000000000494f000 	/usr/lib/libarchive.2.dylib
0x000000000494f000 	/System/Library/Frameworks/CFNetwork.framework/Versions/A/CFNetwork
0x000000000494f000 	/System/Library/Frameworks/SystemConfiguration.framework/Versions/A/SystemConfiguration
0x000000000494f000 	/usr/lib/libCRFSuite.dylib
0x000000000494f000 	/usr/lib/libc++.1.dylib
0x000000000494f000 	/usr/lib/libc++abi.dylib
0x000000000494f000 	/usr/lib/system/libcache.dylib
0x000000000494f000 	/usr/lib/system/libcommonCrypto.dylib
0x000000000494f000 	/usr/lib/system/libcompiler_rt.dylib
0x000000000494f000 	/usr/lib/system/libcopyfile.dylib
0x000000000494f000 	/usr/lib/system/libcorecrypto.dylib
0x000000000494f000 	/usr/lib/system/libdispatch.dylib
0x000000000494f000 	/usr/lib/system/libdyld.dylib
0x000000000494f000 	/usr/lib/system/libkeymgr.dylib
0x000000000494f000 	/usr/lib/system/liblaunch.dylib
0x000000000494f000 	/usr/lib/system/libmacho.dylib
0x000000000494f000 	/usr/lib/system/libquarantine.dylib
0x000000000494f000 	/usr/lib/system/libremovefile.dylib
0x000000000494f000 	/usr/lib/system/libsystem_asl.dylib
0x000000000494f000 	/usr/lib/system/libsystem_blocks.dylib
0x000000000494f000 	/usr/lib/system/libsystem_c.dylib
0x000000000494f000 	/usr/lib/system/libsystem_configuration.dylib
0x000000000494f000 	/usr/lib/system/libsystem_coreservices.dylib
0x000000000494f000 	/usr/lib/system/libsystem_coretls.dylib
0x000000000494f000 	/usr/lib/system/libsystem_dnssd.dylib
0x000000000494f000 	/usr/lib/system/libsystem_info.dylib
0x000000000494f000 	/usr/lib/system/libsystem_kernel.dylib
0x000000000494f000 	/usr/lib/system/libsystem_m.dylib
0x000000000494f000 	/usr/lib/system/libsystem_malloc.dylib
0x000000000494f000 	/usr/lib/system/libsystem_network.dylib
0x000000000494f000 	/usr/lib/system/libsystem_networkextension.dylib
0x000000000494f000 	/usr/lib/system/libsystem_notify.dylib
0x000000000494f000 	/usr/lib/system/libsystem_platform.dylib
0x000000000494f000 	/usr/lib/system/libsystem_pthread.dylib
0x000000000494f000 	/usr/lib/system/libsystem_sandbox.dylib
0x000000000494f000 	/usr/lib/system/libsystem_secinit.dylib
0x000000000494f000 	/usr/lib/system/libsystem_trace.dylib
0x000000000494f000 	/usr/lib/system/libunc.dylib
0x000000000494f000 	/usr/lib/system/libunwind.dylib
0x000000000494f000 	/usr/lib/system/libxpc.dylib
0x000000000494f000 	/usr/lib/libenergytrace.dylib
0x000000000494f000 	/usr/lib/libbsm.0.dylib
0x000000000494f000 	/usr/lib/system/libkxld.dylib
0x000000000494f000 	/usr/lib/libxar.1.dylib
0x000000000494f000 	/usr/lib/libsqlite3.dylib
0x000000000494f000 	/usr/lib/libpam.2.dylib
0x000000000494f000 	/usr/lib/libOpenScriptingUtil.dylib
0x000000000494f000 	/usr/lib/libbz2.1.0.dylib
0x000000000494f000 	/usr/lib/liblzma.5.dylib
0x000000000494f000 	/System/Library/Frameworks/CoreServices.framework/Versions/A/Frameworks/FSEvents.framework/Versions/A/FSEvents
0x000000000494f000 	/System/Library/Frameworks/CoreServices.framework/Versions/A/Frameworks/CarbonCore.framework/Versions/A/CarbonCore
0x000000000494f000 	/System/Library/Frameworks/CoreServices.framework/Versions/A/Frameworks/Metadata.framework/Versions/A/Metadata
0x000000000494f000 	/System/Library/Frameworks/CoreServices.framework/Versions/A/Frameworks/OSServices.framework/Versions/A/OSServices
0x000000000494f000 	/System/Library/Frameworks/CoreServices.framework/Versions/A/Frameworks/SearchKit.framework/Versions/A/SearchKit
0x000000000494f000 	/System/Library/Frameworks/CoreServices.framework/Versions/A/Frameworks/AE.framework/Versions/A/AE
0x000000000494f000 	/System/Library/Frameworks/CoreServices.framework/Versions/A/Frameworks/LaunchServices.framework/Versions/A/LaunchServices
0x000000000494f000 	/System/Library/Frameworks/CoreServices.framework/Versions/A/Frameworks/DictionaryServices.framework/Versions/A/DictionaryServices
0x000000000494f000 	/System/Library/Frameworks/CoreServices.framework/Versions/A/Frameworks/SharedFileList.framework/Versions/A/SharedFileList
0x000000000494f000 	/System/Library/Frameworks/NetFS.framework/Versions/A/NetFS
0x000000000494f000 	/System/Library/PrivateFrameworks/NetAuth.framework/Versions/A/NetAuth
0x000000000494f000 	/System/Library/PrivateFrameworks/login.framework/Versions/A/Frameworks/loginsupport.framework/Versions/A/loginsupport
0x000000000494f000 	/System/Library/PrivateFrameworks/TCC.framework/Versions/A/TCC
0x000000000494f000 	/usr/lib/libmecabra.dylib
0x000000000494f000 	/System/Library/Frameworks/ApplicationServices.framework/Versions/A/Frameworks/ATS.framework/Versions/A/ATS
0x000000000494f000 	/System/Library/Frameworks/ApplicationServices.framework/Versions/A/Frameworks/ColorSync.framework/Versions/A/ColorSync
0x000000000494f000 	/System/Library/Frameworks/ApplicationServices.framework/Versions/A/Frameworks/HIServices.framework/Versions/A/HIServices
0x000000000494f000 	/System/Library/Frameworks/ApplicationServices.framework/Versions/A/Frameworks/LangAnalysis.framework/Versions/A/LangAnalysis
0x000000000494f000 	/System/Library/Frameworks/ApplicationServices.framework/Versions/A/Frameworks/PrintCore.framework/Versions/A/PrintCore
0x000000000494f000 	/System/Library/Frameworks/ApplicationServices.framework/Versions/A/Frameworks/QD.framework/Versions/A/QD
0x000000000494f000 	/System/Library/Frameworks/ApplicationServices.framework/Versions/A/Frameworks/SpeechSynthesis.framework/Versions/A/SpeechSynthesis
0x000000000494f000 	/System/Library/Frameworks/Metal.framework/Versions/A/Metal
0x000000000494f000 	/System/Library/Frameworks/Accelerate.framework/Versions/A/Frameworks/vImage.framework/Versions/A/vImage
0x000000000494f000 	/System/Library/Frameworks/Accelerate.framework/Versions/A/Frameworks/vecLib.framework/Versions/A/vecLib
0x000000000494f000 	/System/Library/Frameworks/Accelerate.framework/Versions/A/Frameworks/vecLib.framework/Versions/A/libvDSP.dylib
0x000000000494f000 	/System/Library/Frameworks/Accelerate.framework/Versions/A/Frameworks/vecLib.framework/Versions/A/libvMisc.dylib
0x000000000494f000 	/System/Library/Frameworks/Accelerate.framework/Versions/A/Frameworks/vecLib.framework/Versions/A/libLAPACK.dylib
0x000000000494f000 	/System/Library/Frameworks/Accelerate.framework/Versions/A/Frameworks/vecLib.framework/Versions/A/libBLAS.dylib
0x000000000494f000 	/System/Library/Frameworks/Accelerate.framework/Versions/A/Frameworks/vecLib.framework/Versions/A/libLinearAlgebra.dylib
0x000000000494f000 	/System/Library/Frameworks/Accelerate.framework/Versions/A/Frameworks/vecLib.framework/Versions/A/libSparseBLAS.dylib
0x000000000494f000 	/System/Library/PrivateFrameworks/GPUCompiler.framework/libmetal_timestamp.dylib
0x000000000494f000 	/System/Library/Frameworks/OpenGL.framework/Versions/A/Libraries/libCoreFSCache.dylib
0x000000000494f000 	/System/Library/PrivateFrameworks/IOAccelerator.framework/Versions/A/IOAccelerator
0x000000000494f000 	/System/Library/Frameworks/ApplicationServices.framework/Versions/A/Frameworks/ATS.framework/Versions/A/Resources/libFontParser.dylib
0x000000000494f000 	/System/Library/Frameworks/ApplicationServices.framework/Versions/A/Frameworks/ATS.framework/Versions/A/Resources/libFontRegistry.dylib
0x000000000494f000 	/System/Library/PrivateFrameworks/AppleVPA.framework/Versions/A/AppleVPA
0x000000000494f000 	/System/Library/PrivateFrameworks/AppleJPEG.framework/Versions/A/AppleJPEG
0x000000000494f000 	/System/Library/Frameworks/ImageIO.framework/Versions/A/Resources/libJPEG.dylib
0x000000000494f000 	/System/Library/Frameworks/ImageIO.framework/Versions/A/Resources/libTIFF.dylib
0x000000000494f000 	/System/Library/Frameworks/ImageIO.framework/Versions/A/Resources/libPng.dylib
0x000000000494f000 	/System/Library/Frameworks/ImageIO.framework/Versions/A/Resources/libGIF.dylib
0x000000000494f000 	/System/Library/Frameworks/ImageIO.framework/Versions/A/Resources/libJP2.dylib
0x000000000494f000 	/System/Library/Frameworks/ImageIO.framework/Versions/A/Resources/libRadiance.dylib
0x000000000494f000 	/System/Library/Frameworks/CoreVideo.framework/Versions/A/CoreVideo
0x000000000494f000 	/System/Library/Frameworks/OpenGL.framework/Versions/A/Libraries/libGLU.dylib
0x000000000494f000 	/System/Library/Frameworks/OpenGL.framework/Versions/A/Libraries/libGFXShared.dylib
0x000000000494f000 	/System/Library/Frameworks/OpenGL.framework/Versions/A/Libraries/libGL.dylib
0x000000000494f000 	/System/Library/Frameworks/OpenGL.framework/Versions/A/Libraries/libGLImage.dylib
0x000000000494f000 	/System/Library/Frameworks/OpenGL.framework/Versions/A/Libraries/libCVMSPluginSupport.dylib
0x000000000494f000 	/System/Library/Frameworks/OpenGL.framework/Versions/A/Libraries/libCoreVMClient.dylib
0x000000000494f000 	/usr/lib/libcompression.dylib
0x000000000494f000 	/usr/lib/libcups.2.dylib
0x000000000494f000 	/System/Library/Frameworks/Kerberos.framework/Versions/A/Kerberos
0x000000000494f000 	/System/Library/Frameworks/GSS.framework/Versions/A/GSS
0x000000000494f000 	/usr/lib/libresolv.9.dylib
0x000000000494f000 	/usr/lib/libiconv.2.dylib
0x000000000494f000 	/System/Library/PrivateFrameworks/Heimdal.framework/Versions/A/Heimdal
0x000000000494f000 	/usr/lib/libheimdal-asn1.dylib
0x000000000494f000 	/System/Library/Frameworks/OpenDirectory.framework/Versions/A/OpenDirectory
0x000000000494f000 	/System/Library/PrivateFrameworks/CommonAuth.framework/Versions/A/CommonAuth
0x000000000494f000 	/System/Library/Frameworks/OpenDirectory.framework/Versions/A/Frameworks/CFOpenDirectory.framework/Versions/A/CFOpenDirectory
0x000000000494f000 	/System/Library/Frameworks/SecurityFoundation.framework/Versions/A/SecurityFoundation
0x000000000494f000 	/System/Library/PrivateFrameworks/LanguageModeling.framework/Versions/A/LanguageModeling
0x000000000494f000 	/usr/lib/libmarisa.dylib
0x000000000494f000 	/usr/lib/libChineseTokenizer.dylib
0x000000000494f000 	/usr/lib/libcmph.dylib
0x000000000494f000 	/System/Library/Frameworks/ServiceManagement.framework/Versions/A/ServiceManagement
0x000000000494f000 	/usr/lib/libxslt.1.dylib
0x000000000494f000 	/System/Library/Frameworks/Carbon.framework/Versions/A/Frameworks/Ink.framework/Versions/A/Ink
0x000000000494f000 	/usr/lib/libFosl_dynamic.dylib
0x000000000494f000 	/System/Library/PrivateFrameworks/FaceCore.framework/Versions/A/FaceCore
0x000000000494f000 	/System/Library/Frameworks/OpenCL.framework/Versions/A/OpenCL
0x000000000494f000 	/System/Library/PrivateFrameworks/CrashReporterSupport.framework/Versions/A/CrashReporterSupport
0x000000000494f000 	/System/Library/PrivateFrameworks/IconServices.framework/Versions/A/IconServices
0x000000000494f000 	/System/Library/PrivateFrameworks/Apple80211.framework/Versions/A/Apple80211
0x000000000494f000 	/System/Library/Frameworks/CoreWLAN.framework/Versions/A/CoreWLAN
0x000000000494f000 	/System/Library/Frameworks/IOBluetooth.framework/Versions/A/IOBluetooth
0x000000000494f000 	/System/Library/PrivateFrameworks/CoreWiFi.framework/Versions/A/CoreWiFi
0x000000000494f000 	/System/Library/Frameworks/CoreBluetooth.framework/Versions/A/CoreBluetooth
0x000000000494f000 	/System/Library/PrivateFrameworks/ChunkingLibrary.framework/Versions/A/ChunkingLibrary
0x000000000494f000 	/System/Library/PrivateFrameworks/DebugSymbols.framework/Versions/A/DebugSymbols
0x000000000494f000 	/System/Library/PrivateFrameworks/CoreSymbolication.framework/Versions/A/CoreSymbolication
0x000000000494f000 	/System/Library/PrivateFrameworks/Symbolication.framework/Versions/A/Symbolication
0x000000000494f000 	/System/Library/PrivateFrameworks/SpeechRecognitionCore.framework/Versions/A/SpeechRecognitionCore
0x000000010868b000 	/Library/Java/JavaVirtualMachines/jdk1.8.0_45.jdk/Contents/Home/jre/lib/server/libjvm.dylib
0x000000000494f000 	/usr/lib/libstdc++.6.dylib
0x00000001095f4000 	/Library/Java/JavaVirtualMachines/jdk1.8.0_45.jdk/Contents/Home/jre/lib/libverify.dylib
0x0000000109606000 	/Library/Java/JavaVirtualMachines/jdk1.8.0_45.jdk/Contents/Home/jre/lib/libjava.dylib
0x0000000109645000 	/Library/Java/JavaVirtualMachines/jdk1.8.0_45.jdk/Contents/Home/jre/lib/libzip.dylib
0x00000001097e1000 	/System/Library/Frameworks/JavaVM.framework/Frameworks/JavaRuntimeSupport.framework/JavaRuntimeSupport
0x000000011d267000 	/System/Library/Frameworks/JavaVM.framework/Versions/A/Frameworks/JavaNativeFoundation.framework/Versions/A/JavaNativeFoundation
0x000000011d27c000 	/System/Library/Frameworks/JavaVM.framework/Versions/A/JavaVM
0x000000000494f000 	/System/Library/Frameworks/Carbon.framework/Versions/A/Carbon
0x000000011d289000 	/System/Library/PrivateFrameworks/JavaLaunching.framework/Versions/A/JavaLaunching
0x000000000494f000 	/System/Library/Frameworks/Carbon.framework/Versions/A/Frameworks/CommonPanels.framework/Versions/A/CommonPanels
0x000000000494f000 	/System/Library/Frameworks/Carbon.framework/Versions/A/Frameworks/Help.framework/Versions/A/Help
0x000000000494f000 	/System/Library/Frameworks/Carbon.framework/Versions/A/Frameworks/ImageCapture.framework/Versions/A/ImageCapture
0x000000000494f000 	/System/Library/Frameworks/Carbon.framework/Versions/A/Frameworks/OpenScripting.framework/Versions/A/OpenScripting
0x000000000494f000 	/System/Library/Frameworks/Carbon.framework/Versions/A/Frameworks/Print.framework/Versions/A/Print
0x000000000494f000 	/System/Library/Frameworks/Carbon.framework/Versions/A/Frameworks/SecurityHI.framework/Versions/A/SecurityHI
0x000000011ec91000 	/Library/Java/JavaVirtualMachines/jdk1.8.0_45.jdk/Contents/Home/jre/lib/libprism_es2.dylib
0x000000011ed13000 	/System/Library/Frameworks/OpenGL.framework/Resources/GLEngine.bundle/GLEngine
0x000000000494f000 	/System/Library/Frameworks/OpenGL.framework/Versions/A/Libraries/libGLProgrammability.dylib
0x000000011eefb000 	/System/Library/Extensions/AppleIntelHD4000GraphicsGLDriver.bundle/Contents/MacOS/AppleIntelHD4000GraphicsGLDriver
0x000000000494f000 	/System/Library/PrivateFrameworks/GPUSupport.framework/Versions/A/Libraries/libGPUSupportMercury.dylib
0x000000011f5c5000 	/System/Library/Frameworks/OpenGL.framework/Resources//GLRendererFloat.bundle/GLRendererFloat
0x000000000494f000 	/System/Library/Frameworks/OpenCL.framework/Versions/A/Libraries/libcldcpuengine.dylib
0x000000000494f000 	/System/Library/PrivateFrameworks/DiskImages.framework/Versions/A/DiskImages
0x000000000494f000 	/System/Library/Frameworks/DiscRecording.framework/Versions/A/DiscRecording
0x000000000494f000 	/usr/lib/libcsfde.dylib
0x000000000494f000 	/usr/lib/libcurl.4.dylib
0x000000000494f000 	/System/Library/PrivateFrameworks/MediaKit.framework/Versions/A/MediaKit
0x000000000494f000 	/System/Library/PrivateFrameworks/ProtectedCloudStorage.framework/Versions/A/ProtectedCloudStorage
0x000000000494f000 	/usr/lib/libCoreStorage.dylib
0x000000000494f000 	/System/Library/PrivateFrameworks/EFILogin.framework/Versions/A/EFILogin
0x000000000494f000 	/usr/lib/libutil.dylib
0x000000000494f000 	/System/Library/PrivateFrameworks/FindMyDevice.framework/Versions/A/FindMyDevice
0x000000000494f000 	/System/Library/Frameworks/LDAP.framework/Versions/A/LDAP
0x000000000494f000 	/usr/lib/libsasl2.2.dylib
0x000000000494f000 	/System/Library/PrivateFrameworks/CoreDaemon.framework/Versions/B/CoreDaemon
0x000000000494f000 	/usr/lib/libcrypto.0.9.8.dylib
0x000000000494f000 	/System/Library/PrivateFrameworks/AppleSRP.framework/Versions/A/AppleSRP
0x000000000494f000 	/System/Library/PrivateFrameworks/TrustEvaluationAgent.framework/Versions/A/TrustEvaluationAgent
0x000000011fa28000 	/Library/Java/JavaVirtualMachines/jdk1.8.0_45.jdk/Contents/Home/jre/lib/libglass.dylib
0x000000000494f000 	/System/Library/PrivateFrameworks/CoreServicesInternal.framework/Versions/A/CoreServicesInternal
0x000000000494f000 	/System/Library/CoreServices/RawCamera.bundle/Contents/MacOS/RawCamera
0x000000012029b000 	/System/Library/Frameworks/CoreGraphics.framework/Versions/A/Resources/libRIP.A.dylib
0x000000000494f000 	/System/Library/Frameworks/Accelerate.framework/Versions/A/Frameworks/vImage.framework/Versions/A/Libraries/libCGInterfaces.dylib
0x000000000494f000 	/System/Library/PrivateFrameworks/FamilyControls.framework/Versions/A/FamilyControls
0x000000000494f000 	/System/Library/PrivateFrameworks/CommerceKit.framework/Versions/A/Frameworks/CommerceCore.framework/Versions/A/CommerceCore
0x000000000494f000 	/System/Library/PrivateFrameworks/SystemAdministration.framework/Versions/A/SystemAdministration
0x000000000494f000 	/System/Library/PrivateFrameworks/AppContainer.framework/Versions/A/AppContainer
0x000000000494f000 	/System/Library/PrivateFrameworks/SecCodeWrapper.framework/Versions/A/SecCodeWrapper
0x000000000494f000 	/System/Library/Frameworks/DirectoryService.framework/Versions/A/DirectoryService
0x000000000494f000 	/System/Library/PrivateFrameworks/LoginUIKit.framework/Versions/A/Frameworks/LoginUICore.framework/Versions/A/LoginUICore
0x000000000494f000 	/usr/lib/libodfde.dylib

VM Arguments:
jvm_args: -Dfile.encoding=UTF-8 
java_command: group4u_booking.Main
java_class_path (initial): /Library/Java/JavaVirtualMachines/jdk1.8.0_45.jdk/Contents/Home/jre/lib/javaws.jar:/Library/Java/JavaVirtualMachines/jdk1.8.0_45.jdk/Contents/Home/jre/lib/deploy.jar:/Library/Java/JavaVirtualMachines/jdk1.8.0_45.jdk/Contents/Home/jre/lib/plugin.jar:/Users/saibaba/Desktop/Assignments/applied spm/Group4U_booking/mail.jar:/Users/saibaba/Desktop/Assignments/applied spm/Group4U_booking/mysql-connector-java-5.1.25-bin.jar:/Users/saibaba/Desktop/Assignments/applied spm/Group4U_booking/commons-lang3-3.5.jar:/Users/saibaba/Desktop/Assignments/applied spm/Group4U_booking/commons-validator-1.5.1.jar:/Users/saibaba/Desktop/Assignments/applied spm/Group4U_booking/build/classes
Launcher Type: SUN_STANDARD

Environment Variables:
PATH=/usr/bin:/bin:/usr/sbin:/sbin
LD_LIBRARY_PATH=/Library/Java/JavaVirtualMachines/jdk1.8.0_45.jdk/Contents/Home/jre/lib/amd64:/Library/Java/JavaVirtualMachines/jdk1.8.0_45.jdk/Contents/Home/jre/lib/i386:
SHELL=/bin/bash

Signal Handlers:
SIGSEGV: [libjvm.dylib+0x58ef95], sa_mask[0]=11111111011111110111111111111111, sa_flags=SA_ONSTACK|SA_RESTART|SA_SIGINFO
SIGBUS: [libjvm.dylib+0x58ef95], sa_mask[0]=11111111011111110111111111111111, sa_flags=SA_RESTART|SA_SIGINFO
SIGFPE: [libjvm.dylib+0x46c108], sa_mask[0]=11111111011111110111111111111111, sa_flags=SA_RESTART|SA_SIGINFO
SIGPIPE: [libjvm.dylib+0x46c108], sa_mask[0]=11111111011111110111111111111111, sa_flags=SA_RESTART|SA_SIGINFO
SIGXFSZ: [libjvm.dylib+0x46c108], sa_mask[0]=11111111011111110111111111111111, sa_flags=SA_RESTART|SA_SIGINFO
SIGILL: [libjvm.dylib+0x46c108], sa_mask[0]=11111111011111110111111111111111, sa_flags=SA_RESTART|SA_SIGINFO
SIGUSR1: SIG_DFL, sa_mask[0]=00000000000000000000000000000000, sa_flags=none
SIGUSR2: [libjvm.dylib+0x46bc26], sa_mask[0]=00100000000000000000000000000000, sa_flags=SA_RESTART|SA_SIGINFO
SIGHUP: [libjvm.dylib+0x46a1f9], sa_mask[0]=11111111011111110111111111111111, sa_flags=SA_RESTART|SA_SIGINFO
SIGINT: SIG_IGN, sa_mask[0]=00000000000000000000000000000000, sa_flags=none
SIGTERM: [libjvm.dylib+0x46a1f9], sa_mask[0]=11111111011111110111111111111111, sa_flags=SA_RESTART|SA_SIGINFO
SIGQUIT: [libjvm.dylib+0x46a1f9], sa_mask[0]=11111111011111110111111111111111, sa_flags=SA_RESTART|SA_SIGINFO


---------------  S Y S T E M  ---------------

OS:Bsduname:Darwin 15.6.0 Darwin Kernel Version 15.6.0: Wed Nov  2 20:30:56 PDT 2016; root:xnu-3248.60.11.1.2~2/RELEASE_X86_64 x86_64
rlimit: STACK 8192k, CORE 0k, NPROC 709, NOFILE 10240, AS infinity
load average:1.95 1.62 0.98

CPU:total 4 (2 cores per cpu, 2 threads per core) family 6 model 58 stepping 9, cmov, cx8, fxsr, mmx, sse, sse2, sse3, ssse3, sse4.1, sse4.2, popcnt, avx, aes, clmul, erms, ht, tsc, tscinvbit, tscinv

Memory: 4k page, physical 4194304k(512244k free)

/proc/meminfo:


vm_info: Java HotSpot(TM) 64-Bit Server VM (25.45-b02) for bsd-amd64 JRE (1.8.0_45-b14), built on Apr 10 2015 10:46:38 by "java_re" with gcc 4.2.1 (Based on Apple Inc. build 5658) (LLVM build 2336.11.00)

time: Sat Jan  7 12:16:43 2017
elapsed time: 1 seconds (0d 0h 0m 1s)

